<?xml version="1.0" encoding="UTF-8"?><testsuite errors="1" failures="0" name="Como paciente" skipped="0" tests="3" time="20.32" timestamp="2022-03-07 12:15:19"><testcase name="Realizar el Registro de un Doctor"/><testcase name="Realizar el Registro de un Paciente"/><testcase name="Realizar el Agendamiento de una Cita"><error message="Arity mismatch: Step Definition 'stepsDesinitions.DojoStepDefinitions.elVerificaQuePresenteEnPantallaElMensajeDatosGuardadosCorrectamente(String) in file:/C:/Users/user/IdeaProjects/Dojo/build/classes/java/test/' with pattern [^el verifica que presente en pantalla el mensaje Datos guardados correctamente\.$] is declared with 1 parameters. However, the gherkin step has 0 arguments []. &#10;Step text: el verifica que presente en pantalla el mensaje Datos guardados correctamente." type="cucumber.runtime.CucumberException">Arity mismatch: Step Definition 'stepsDesinitions.DojoStepDefinitions.elVerificaQuePresenteEnPantallaElMensajeDatosGuardadosCorrectamente(String) in file:/C:/Users/user/IdeaProjects/Dojo/build/classes/java/test/' with pattern [^el verifica que presente en pantalla el mensaje Datos guardados correctamente\.$] is declared with 1 parameters. However, the gherkin step has 0 arguments []. 
Step text: el verifica que presente en pantalla el mensaje Datos guardados correctamente.</error><system-err>Arity mismatch: Step Definition 'stepsDesinitions.DojoStepDefinitions.elVerificaQuePresenteEnPantallaElMensajeDatosGuardadosCorrectamente(String) in file:/C:/Users/user/IdeaProjects/Dojo/build/classes/java/test/' with pattern [^el verifica que presente en pantalla el mensaje Datos guardados correctamente\.$] is declared with 1 parameters. However, the gherkin step has 0 arguments []. 
Step text: el verifica que presente en pantalla el mensaje Datos guardados correctamente.&#13;
cucumber.runner.Runner.runPickle(Runner.java:80)&#13;
</system-err></testcase></testsuite>